<?xml version="1.0" encoding="UTF-8"?>
<!-- Generated by org.testng.reporters.JUnitReportReporter -->
<testsuite hostname="A050312" failures="0" tests="1" name="TestAli2" time="53.376" errors="0" timestamp="26 Nov 2018 11:32:04 GMT" skipped="0">
  <testcase classname="TestAli2" name="findElementAfterWait" time="53.376"/>
</testsuite> <!-- TestAli2 -->
